<?xml version="1.0" encoding="UTF-8"?>
<testng-results skipped="0" failed="0" total="1" passed="1">
  <reporter-output>
  </reporter-output>
  <suite name="Default suite" duration-ms="10311" started-at="2020-03-30T06:54:40Z" finished-at="2020-03-30T06:54:50Z">
    <groups>
    </groups>
    <test name="Default test" duration-ms="10311" started-at="2020-03-30T06:54:40Z" finished-at="2020-03-30T06:54:50Z">
      <class name="tests.BaseClass">
        <test-method status="PASS" signature="setup()[pri:0, instance:tests.BaseClass@2b6856dd]" name="setup" is-config="true" duration-ms="5" started-at="2020-03-29T23:54:40Z" finished-at="2020-03-29T23:54:40Z">
          <reporter-output>
          </reporter-output>
        </test-method> <!-- setup -->
        <test-method status="PASS" signature="sampleTest()[pri:0, instance:tests.BaseClass@2b6856dd]" name="sampleTest" duration-ms="10298" started-at="2020-03-29T23:54:40Z" finished-at="2020-03-29T23:54:50Z">
          <reporter-output>
          </reporter-output>
        </test-method> <!-- sampleTest -->
        <test-method status="PASS" signature="teardown()[pri:0, instance:tests.BaseClass@2b6856dd]" name="teardown" is-config="true" duration-ms="1" started-at="2020-03-29T23:54:50Z" finished-at="2020-03-29T23:54:50Z">
          <reporter-output>
          </reporter-output>
        </test-method> <!-- teardown -->
      </class> <!-- tests.BaseClass -->
    </test> <!-- Default test -->
  </suite> <!-- Default suite -->
</testng-results>
